<?xml version="1.0" encoding="UTF-8"?>
<!-- Generated by org.testng.reporters.JUnitXMLReporter -->
<testsuite ignored="0" hostname="DESKTOP-35QI2EL" failures="0" tests="4" name="Test" time="0.049" errors="0" timestamp="2024-09-02T08:23:16 IST">
  <testcase classname="testCase_POM.Launch_Quit1" name="@BeforeMethod launch" time="-1.725245596427E9">
    <failure type="org.testng.TestNGException" message="
Parameter &amp;apos;browser&amp;apos; is required by BeforeMethod on method launch but has not been marked @Optional or defined
in C:\Users\EKTA\eclipse-workspace\SeleniumProject\testng.xml">
      <![CDATA[org.testng.TestNGException: 
Parameter 'browser' is required by BeforeMethod on method launch but has not been marked @Optional or defined
in C:\Users\EKTA\eclipse-workspace\SeleniumProject\testng.xml
at java.base/java.util.ArrayList.forEach(ArrayList.java:1511)
... Removed 28 stack frames]]>
    </failure>
  </testcase> <!-- @BeforeMethod launch -->
  <testcase classname="testCase_POM.Launch_Quit1" name="@AfterMethod post1" time="-1.725245596439E9">
    <skipped/>
  </testcase> <!-- @AfterMethod post1 -->
  <testcase classname="testCase_POM.Launch_Quit1" name="@BeforeMethod launch" time="-1.725245596443E9">
    <failure type="org.testng.TestNGException" message="
Parameter &amp;apos;browser&amp;apos; is required by BeforeMethod on method launch but has not been marked @Optional or defined
in C:\Users\EKTA\eclipse-workspace\SeleniumProject\testng.xml">
      <![CDATA[org.testng.TestNGException: 
Parameter 'browser' is required by BeforeMethod on method launch but has not been marked @Optional or defined
in C:\Users\EKTA\eclipse-workspace\SeleniumProject\testng.xml
at java.base/java.util.ArrayList.forEach(ArrayList.java:1511)
... Removed 28 stack frames]]>
    </failure>
  </testcase> <!-- @BeforeMethod launch -->
  <testcase classname="testCase_POM.Launch_Quit1" name="@AfterMethod post1" time="-1.725245596446E9">
    <skipped/>
  </testcase> <!-- @AfterMethod post1 -->
  <testcase classname="testCase_POM.Launch_Quit1" name="@BeforeMethod launch" time="-1.725245596446E9">
    <failure type="org.testng.TestNGException" message="
Parameter &amp;apos;browser&amp;apos; is required by BeforeMethod on method launch but has not been marked @Optional or defined
in C:\Users\EKTA\eclipse-workspace\SeleniumProject\testng.xml">
      <![CDATA[org.testng.TestNGException: 
Parameter 'browser' is required by BeforeMethod on method launch but has not been marked @Optional or defined
in C:\Users\EKTA\eclipse-workspace\SeleniumProject\testng.xml
at java.base/java.util.ArrayList.forEach(ArrayList.java:1511)
... Removed 28 stack frames]]>
    </failure>
  </testcase> <!-- @BeforeMethod launch -->
  <testcase classname="testCase_POM.Launch_Quit1" name="@AfterMethod post1" time="-1.725245596448E9">
    <skipped/>
  </testcase> <!-- @AfterMethod post1 -->
  <testcase classname="testCase_POM.Launch_Quit1" name="@BeforeMethod launch" time="-1.725245596449E9">
    <failure type="org.testng.TestNGException" message="
Parameter &amp;apos;browser&amp;apos; is required by BeforeMethod on method launch but has not been marked @Optional or defined
in C:\Users\EKTA\eclipse-workspace\SeleniumProject\testng.xml">
      <![CDATA[org.testng.TestNGException: 
Parameter 'browser' is required by BeforeMethod on method launch but has not been marked @Optional or defined
in C:\Users\EKTA\eclipse-workspace\SeleniumProject\testng.xml
at java.base/java.util.ArrayList.forEach(ArrayList.java:1511)
... Removed 28 stack frames]]>
    </failure>
  </testcase> <!-- @BeforeMethod launch -->
  <testcase classname="testCase_POM.Launch_Quit1" name="@AfterMethod post1" time="-1.725245596452E9">
    <skipped/>
  </testcase> <!-- @AfterMethod post1 -->
  <testcase classname="testCase_POM.TestCase4" name="purchase" time="0.0">
    <skipped/>
  </testcase> <!-- purchase -->
  <testcase classname="testCase_POM.TestCase3" name="register" time="0.0">
    <skipped/>
  </testcase> <!-- register -->
  <testcase classname="testCase_POM.TestCase2" name="search_product" time="0.0">
    <skipped/>
  </testcase> <!-- search_product -->
  <testcase classname="testCase_POM.TestCase1" name="login_amazon" time="0.0">
    <skipped/>
  </testcase> <!-- login_amazon -->
</testsuite> <!-- Test -->
